/home/kgagalova/.bashrc: line 42: bind: warning: line editing not enabled
[33mNextflow 24.04.4 is available - Please consider updating your version to it(B[m
N E X T F L O W  ~  version 23.10.0
Launching `./main.nf` [nostalgic_shockley] DSL2 - revision: a05bba36e4
WARN: The following invalid input values have been detected:

* --ntjoin_ref: /scratch/y95/kgagalova/projectPaoTheen/reads/canu2/GCA_900231935.2_ERZ478497_genomic.fna
* --ntjoin_ref_weights: 2
* --ntjoin_w: 500
* --ntjoin_k: 24
* --ntjoin_no_cut: true
* --ntlink_run: false
* --ntlink_w: 100
* --ntlink_k: 32
* --ntlink_z: 1000
* --ntlink_rounds: 3
* --config_profile_description: Pawsey Setonix HPC profile provided by nf-core/configs
* --config_profile_contact: Sarah Beecroft (@SarahBeecroft), Georgie Samaha (@georgiesamaha)
* --config_profile_url: https://support.pawsey.org.au/documentation/display/US/Setonix+User+Guide
* --max_cpus: 64
* --max_memory: 980 GB


Core Nextflow options
  runName        : nostalgic_shockley
  containerEngine: singularity
  launchDir      : /scratch/y95/kgagalova/projectPaoTheen/reads/final_runs/ref_scaffoldingOnly/PacB-flow
  workDir        : /scratch/y95/kgagalova/projectPaoTheen/reads/final_runs/ref_scaffoldingOnly/PacB-flow/work
  projectDir     : /scratch/y95/kgagalova/projectPaoTheen/reads/final_runs/ref_scaffoldingOnly/PacB-flow
  userName       : kgagalova
  profile        : pawsey_setonix,singularity
  configFiles    : 

Other parameters
  enable_conda   : false
  manifest       : samples.tsv
  outputdir      : results

!! Only displaying parameters that differ from the pipeline defaults !!
------------------------------------------------------
[-        ] process > PBFLOW_WORKFLOW:ASSEMBLY_PI... -
[-        ] process > PBFLOW_WORKFLOW:ASSEMBLY_PI... -
[-        ] process > PBFLOW_WORKFLOW:ASSEMBLY_PI... -
[-        ] process > PBFLOW_WORKFLOW:ASSEMBLY_PI... -
[-        ] process > PBFLOW_WORKFLOW:ASSEMBLY_PI... -
[-        ] process > PBFLOW_WORKFLOW:ASSEMBLY_PI... -
[-        ] process > PBFLOW_WORKFLOW:ASSEMBLY_PI... -
[-        ] process > PBFLOW_WORKFLOW:ASSEMBLY_PI... -
[-        ] process > PBFLOW_WORKFLOW:ASSEMBLY_PI... -
[-        ] process > PBFLOW_WORKFLOW:ASSEMBLY_PI... -
[-        ] process > PBFLOW_WORKFLOW:ASSEMBLY_PI... -

[-        ] process > PBFLOW_WORKFLOW:ASSEMBLY_PI... -
[-        ] process > PBFLOW_WORKFLOW:ASSEMBLY_PI... -
[-        ] process > PBFLOW_WORKFLOW:ASSEMBLY_PI... -
[-        ] process > PBFLOW_WORKFLOW:ASSEMBLY_PI... -
[-        ] process > PBFLOW_WORKFLOW:ASSEMBLY_PI... -
[-        ] process > PBFLOW_WORKFLOW:ASSEMBLY_PI... -
[-        ] process > PBFLOW_WORKFLOW:ASSEMBLY_PI... -
[-        ] process > PBFLOW_WORKFLOW:ASSEMBLY_PI... -
[-        ] process > PBFLOW_WORKFLOW:ASSEMBLY_PI... -
[-        ] process > PBFLOW_WORKFLOW:ASSEMBLY_PI... -
[-        ] process > PBFLOW_WORKFLOW:ASSEMBLY_PI... -
Pulling Singularity image https://depot.galaxyproject.org/singularity/canu:2.2--ha47f30e_0 [cache /scratch/y95/kgagalova/projectPaoTheen/reads/final_runs/ref_scaffoldingOnly/PacB-flow/./work/depot.galaxyproject.org-singularity-canu-2.2--ha47f30e_0.img]

executor >  slurm (1)
[1d/61b510] process > PBFLOW_WORKFLOW:ASSEMBLY_PI... [  0%] 0 of 4
[-        ] process > PBFLOW_WORKFLOW:ASSEMBLY_PI... -
[-        ] process > PBFLOW_WORKFLOW:ASSEMBLY_PI... -
[-        ] process > PBFLOW_WORKFLOW:ASSEMBLY_PI... -
[-        ] process > PBFLOW_WORKFLOW:ASSEMBLY_PI... -
[-        ] process > PBFLOW_WORKFLOW:ASSEMBLY_PI... -
[-        ] process > PBFLOW_WORKFLOW:ASSEMBLY_PI... -
[-        ] process > PBFLOW_WORKFLOW:ASSEMBLY_PI... -
[-        ] process > PBFLOW_WORKFLOW:ASSEMBLY_PI... -
[-        ] process > PBFLOW_WORKFLOW:ASSEMBLY_PI... -
[-        ] process > PBFLOW_WORKFLOW:ASSEMBLY_PI... -
Pulling Singularity image https://depot.galaxyproject.org/singularity/canu:2.2--ha47f30e_0 [cache /scratch/y95/kgagalova/projectPaoTheen/reads/final_runs/ref_scaffoldingOnly/PacB-flow/./work/depot.galaxyproject.org-singularity-canu-2.2--ha47f30e_0.img]

executor >  slurm (4)
[73/8ac048] process > PBFLOW_WORKFLOW:ASSEMBLY_PI... [  0%] 0 of 4
[-        ] process > PBFLOW_WORKFLOW:ASSEMBLY_PI... -
[-        ] process > PBFLOW_WORKFLOW:ASSEMBLY_PI... -
[-        ] process > PBFLOW_WORKFLOW:ASSEMBLY_PI... -
[-        ] process > PBFLOW_WORKFLOW:ASSEMBLY_PI... -
[-        ] process > PBFLOW_WORKFLOW:ASSEMBLY_PI... -
[-        ] process > PBFLOW_WORKFLOW:ASSEMBLY_PI... -
[-        ] process > PBFLOW_WORKFLOW:ASSEMBLY_PI... -
[-        ] process > PBFLOW_WORKFLOW:ASSEMBLY_PI... -
[-        ] process > PBFLOW_WORKFLOW:ASSEMBLY_PI... -
[-        ] process > PBFLOW_WORKFLOW:ASSEMBLY_PI... -
Pulling Singularity image https://depot.galaxyproject.org/singularity/canu:2.2--ha47f30e_0 [cache /scratch/y95/kgagalova/projectPaoTheen/reads/final_runs/ref_scaffoldingOnly/PacB-flow/./work/depot.galaxyproject.org-singularity-canu-2.2--ha47f30e_0.img]

executor >  slurm (4)
[73/8ac048] process > PBFLOW_WORKFLOW:ASSEMBLY_PI... [  0%] 0 of 4
[-        ] process > PBFLOW_WORKFLOW:ASSEMBLY_PI... -
[-        ] process > PBFLOW_WORKFLOW:ASSEMBLY_PI... -
[-        ] process > PBFLOW_WORKFLOW:ASSEMBLY_PI... -
[-        ] process > PBFLOW_WORKFLOW:ASSEMBLY_PI... -
[-        ] process > PBFLOW_WORKFLOW:ASSEMBLY_PI... -
[-        ] process > PBFLOW_WORKFLOW:ASSEMBLY_PI... -
[-        ] process > PBFLOW_WORKFLOW:ASSEMBLY_PI... -
[-        ] process > PBFLOW_WORKFLOW:ASSEMBLY_PI... -
[-        ] process > PBFLOW_WORKFLOW:ASSEMBLY_PI... -
[-        ] process > PBFLOW_WORKFLOW:ASSEMBLY_PI... -
Pulling Singularity image https://depot.galaxyproject.org/singularity/canu:2.2--ha47f30e_0 [cache /scratch/y95/kgagalova/projectPaoTheen/reads/final_runs/ref_scaffoldingOnly/PacB-flow/./work/depot.galaxyproject.org-singularity-canu-2.2--ha47f30e_0.img]

executor >  slurm (4)
[73/8ac048] process > PBFLOW_WORKFLOW:ASSEMBLY_PI... [  0%] 0 of 4
[-        ] process > PBFLOW_WORKFLOW:ASSEMBLY_PI... -
[-        ] process > PBFLOW_WORKFLOW:ASSEMBLY_PI... -
[-        ] process > PBFLOW_WORKFLOW:ASSEMBLY_PI... -
[-        ] process > PBFLOW_WORKFLOW:ASSEMBLY_PI... -
[-        ] process > PBFLOW_WORKFLOW:ASSEMBLY_PI... -
[-        ] process > PBFLOW_WORKFLOW:ASSEMBLY_PI... -
[-        ] process > PBFLOW_WORKFLOW:ASSEMBLY_PI... -
[-        ] process > PBFLOW_WORKFLOW:ASSEMBLY_PI... -
[-        ] process > PBFLOW_WORKFLOW:ASSEMBLY_PI... -
[-        ] process > PBFLOW_WORKFLOW:ASSEMBLY_PI... -


executor >  slurm (4)
[87/228331] process > PBFLOW_WORKFLOW:ASSEMBLY_PI... [ 25%] 1 of 4
[-        ] process > PBFLOW_WORKFLOW:ASSEMBLY_PI... -
[-        ] process > PBFLOW_WORKFLOW:ASSEMBLY_PI... -
[-        ] process > PBFLOW_WORKFLOW:ASSEMBLY_PI... -
[-        ] process > PBFLOW_WORKFLOW:ASSEMBLY_PI... -
[-        ] process > PBFLOW_WORKFLOW:ASSEMBLY_PI... -
[-        ] process > PBFLOW_WORKFLOW:ASSEMBLY_PI... -
[-        ] process > PBFLOW_WORKFLOW:ASSEMBLY_PI... -
[-        ] process > PBFLOW_WORKFLOW:ASSEMBLY_PI... -
[-        ] process > PBFLOW_WORKFLOW:ASSEMBLY_PI... -
[-        ] process > PBFLOW_WORKFLOW:ASSEMBLY_PI... -
Pulling Singularity image https://depot.galaxyproject.org/singularity/seqkit:2.8.1--h9ee0642_0   [cache /scratch/y95/kgagalova/projectPaoTheen/reads/final_runs/ref_scaffoldingOnly/PacB-flow/./work/depot.galaxyproject.org-singularity-seqkit-2.8.1--h9ee0642_0  .img]
Pulling Singularity image https://depot.galaxyproject.org/singularity/ntjoin:1.1.3--py39hd65a603_0 [cache /scratch/y95/kgagalova/projectPaoTheen/reads/final_runs/ref_scaffoldingOnly/PacB-flow/./work/depot.galaxyproject.org-singularity-ntjoin-1.1.3--py39hd65a603_0.img]
Pulling Singularity image https://depot.galaxyproject.org/singularity/pbmm2:1.14.99--h9ee0642_0 [cache /scratch/y95/kgagalova/projectPaoTheen/reads/final_runs/ref_scaffoldingOnly/PacB-flow/./work/depot.galaxyproject.org-singularity-pbmm2-1.14.99--h9ee0642_0.img]

executor >  slurm (5)
[87/228331] process > PBFLOW_WORKFLOW:ASSEMBLY_PI... [ 25%] 1 of 4
[e4/920d20] process > PBFLOW_WORKFLOW:ASSEMBLY_PI... [  0%] 0 of 1
[-        ] process > PBFLOW_WORKFLOW:ASSEMBLY_PI... -
[-        ] process > PBFLOW_WORKFLOW:ASSEMBLY_PI... [  0%] 0 of 1
[-        ] process > PBFLOW_WORKFLOW:ASSEMBLY_PI... -
[-        ] process > PBFLOW_WORKFLOW:ASSEMBLY_PI... -
[-        ] process > PBFLOW_WORKFLOW:ASSEMBLY_PI... -
[-        ] process > PBFLOW_WORKFLOW:ASSEMBLY_PI... -
[-        ] process > PBFLOW_WORKFLOW:ASSEMBLY_PI... -
[-        ] process > PBFLOW_WORKFLOW:ASSEMBLY_PI... -
[-        ] process > PBFLOW_WORKFLOW:ASSEMBLY_PI... -
Pulling Singularity image https://depot.galaxyproject.org/singularity/seqkit:2.8.1--h9ee0642_0   [cache /scratch/y95/kgagalova/projectPaoTheen/reads/final_runs/ref_scaffoldingOnly/PacB-flow/./work/depot.galaxyproject.org-singularity-seqkit-2.8.1--h9ee0642_0  .img]
Pulling Singularity image https://depot.galaxyproject.org/singularity/ntjoin:1.1.3--py39hd65a603_0 [cache /scratch/y95/kgagalova/projectPaoTheen/reads/final_runs/ref_scaffoldingOnly/PacB-flow/./work/depot.galaxyproject.org-singularity-ntjoin-1.1.3--py39hd65a603_0.img]
Pulling Singularity image https://depot.galaxyproject.org/singularity/pbmm2:1.14.99--h9ee0642_0 [cache /scratch/y95/kgagalova/projectPaoTheen/reads/final_runs/ref_scaffoldingOnly/PacB-flow/./work/depot.galaxyproject.org-singularity-pbmm2-1.14.99--h9ee0642_0.img]

executor >  slurm (6)
[87/228331] process > PBFLOW_WORKFLOW:ASSEMBLY_PI... [ 25%] 1 of 4
[e4/920d20] process > PBFLOW_WORKFLOW:ASSEMBLY_PI... [  0%] 0 of 1
[-        ] process > PBFLOW_WORKFLOW:ASSEMBLY_PI... -
[0e/dcd65c] process > PBFLOW_WORKFLOW:ASSEMBLY_PI... [  0%] 0 of 1
[-        ] process > PBFLOW_WORKFLOW:ASSEMBLY_PI... -
[-        ] process > PBFLOW_WORKFLOW:ASSEMBLY_PI... -
[-        ] process > PBFLOW_WORKFLOW:ASSEMBLY_PI... -
[-        ] process > PBFLOW_WORKFLOW:ASSEMBLY_PI... -
[-        ] process > PBFLOW_WORKFLOW:ASSEMBLY_PI... -
[-        ] process > PBFLOW_WORKFLOW:ASSEMBLY_PI... -
[-        ] process > PBFLOW_WORKFLOW:ASSEMBLY_PI... -
Pulling Singularity image https://depot.galaxyproject.org/singularity/seqkit:2.8.1--h9ee0642_0   [cache /scratch/y95/kgagalova/projectPaoTheen/reads/final_runs/ref_scaffoldingOnly/PacB-flow/./work/depot.galaxyproject.org-singularity-seqkit-2.8.1--h9ee0642_0  .img]
Pulling Singularity image https://depot.galaxyproject.org/singularity/ntjoin:1.1.3--py39hd65a603_0 [cache /scratch/y95/kgagalova/projectPaoTheen/reads/final_runs/ref_scaffoldingOnly/PacB-flow/./work/depot.galaxyproject.org-singularity-ntjoin-1.1.3--py39hd65a603_0.img]
Pulling Singularity image https://depot.galaxyproject.org/singularity/pbmm2:1.14.99--h9ee0642_0 [cache /scratch/y95/kgagalova/projectPaoTheen/reads/final_runs/ref_scaffoldingOnly/PacB-flow/./work/depot.galaxyproject.org-singularity-pbmm2-1.14.99--h9ee0642_0.img]

executor >  slurm (7)
[87/228331] process > PBFLOW_WORKFLOW:ASSEMBLY_PI... [ 25%] 1 of 4
[e4/920d20] process > PBFLOW_WORKFLOW:ASSEMBLY_PI... [  0%] 0 of 1
[-        ] process > PBFLOW_WORKFLOW:ASSEMBLY_PI... -
[0e/dcd65c] process > PBFLOW_WORKFLOW:ASSEMBLY_PI... [  0%] 0 of 1
[-        ] process > PBFLOW_WORKFLOW:ASSEMBLY_PI... -
[e9/3ad277] process > PBFLOW_WORKFLOW:ASSEMBLY_PI... [  0%] 0 of 1
[-        ] process > PBFLOW_WORKFLOW:ASSEMBLY_PI... -
[-        ] process > PBFLOW_WORKFLOW:ASSEMBLY_PI... -
[-        ] process > PBFLOW_WORKFLOW:ASSEMBLY_PI... -
[-        ] process > PBFLOW_WORKFLOW:ASSEMBLY_PI... -
[-        ] process > PBFLOW_WORKFLOW:ASSEMBLY_PI... -
Pulling Singularity image https://depot.galaxyproject.org/singularity/seqkit:2.8.1--h9ee0642_0   [cache /scratch/y95/kgagalova/projectPaoTheen/reads/final_runs/ref_scaffoldingOnly/PacB-flow/./work/depot.galaxyproject.org-singularity-seqkit-2.8.1--h9ee0642_0  .img]
Pulling Singularity image https://depot.galaxyproject.org/singularity/ntjoin:1.1.3--py39hd65a603_0 [cache /scratch/y95/kgagalova/projectPaoTheen/reads/final_runs/ref_scaffoldingOnly/PacB-flow/./work/depot.galaxyproject.org-singularity-ntjoin-1.1.3--py39hd65a603_0.img]
Pulling Singularity image https://depot.galaxyproject.org/singularity/pbmm2:1.14.99--h9ee0642_0 [cache /scratch/y95/kgagalova/projectPaoTheen/reads/final_runs/ref_scaffoldingOnly/PacB-flow/./work/depot.galaxyproject.org-singularity-pbmm2-1.14.99--h9ee0642_0.img]

executor >  slurm (7)
[87/228331] process > PBFLOW_WORKFLOW:ASSEMBLY_PI... [ 25%] 1 of 4
[e4/920d20] process > PBFLOW_WORKFLOW:ASSEMBLY_PI... [  0%] 0 of 1
[-        ] process > PBFLOW_WORKFLOW:ASSEMBLY_PI... -
[0e/dcd65c] process > PBFLOW_WORKFLOW:ASSEMBLY_PI... [100%] 1 of 1
[-        ] process > PBFLOW_WORKFLOW:ASSEMBLY_PI... -
[e9/3ad277] process > PBFLOW_WORKFLOW:ASSEMBLY_PI... [  0%] 0 of 1
[-        ] process > PBFLOW_WORKFLOW:ASSEMBLY_PI... -
[-        ] process > PBFLOW_WORKFLOW:ASSEMBLY_PI... -
[-        ] process > PBFLOW_WORKFLOW:ASSEMBLY_PI... -
[-        ] process > PBFLOW_WORKFLOW:ASSEMBLY_PI... -
[-        ] process > PBFLOW_WORKFLOW:ASSEMBLY_PI... -
Pulling Singularity image https://depot.galaxyproject.org/singularity/seqkit:2.8.1--h9ee0642_0   [cache /scratch/y95/kgagalova/projectPaoTheen/reads/final_runs/ref_scaffoldingOnly/PacB-flow/./work/depot.galaxyproject.org-singularity-seqkit-2.8.1--h9ee0642_0  .img]
Pulling Singularity image https://depot.galaxyproject.org/singularity/ntjoin:1.1.3--py39hd65a603_0 [cache /scratch/y95/kgagalova/projectPaoTheen/reads/final_runs/ref_scaffoldingOnly/PacB-flow/./work/depot.galaxyproject.org-singularity-ntjoin-1.1.3--py39hd65a603_0.img]
Pulling Singularity image https://depot.galaxyproject.org/singularity/pbmm2:1.14.99--h9ee0642_0 [cache /scratch/y95/kgagalova/projectPaoTheen/reads/final_runs/ref_scaffoldingOnly/PacB-flow/./work/depot.galaxyproject.org-singularity-pbmm2-1.14.99--h9ee0642_0.img]

executor >  slurm (7)
[87/228331] process > PBFLOW_WORKFLOW:ASSEMBLY_PI... [ 25%] 1 of 4
[e4/920d20] process > PBFLOW_WORKFLOW:ASSEMBLY_PI... [  0%] 0 of 1
[-        ] process > PBFLOW_WORKFLOW:ASSEMBLY_PI... -
[0e/dcd65c] process > PBFLOW_WORKFLOW:ASSEMBLY_PI... [100%] 1 of 1
[-        ] process > PBFLOW_WORKFLOW:ASSEMBLY_PI... -
[e9/3ad277] process > PBFLOW_WORKFLOW:ASSEMBLY_PI... [  0%] 0 of 1
[-        ] process > PBFLOW_WORKFLOW:ASSEMBLY_PI... -
[-        ] process > PBFLOW_WORKFLOW:ASSEMBLY_PI... -
[-        ] process > PBFLOW_WORKFLOW:ASSEMBLY_PI... -
[-        ] process > PBFLOW_WORKFLOW:ASSEMBLY_PI... -
[-        ] process > PBFLOW_WORKFLOW:ASSEMBLY_PI... -
Pulling Singularity image https://depot.galaxyproject.org/singularity/seqkit:2.8.1--h9ee0642_0   [cache /scratch/y95/kgagalova/projectPaoTheen/reads/final_runs/ref_scaffoldingOnly/PacB-flow/./work/depot.galaxyproject.org-singularity-seqkit-2.8.1--h9ee0642_0  .img]
Pulling Singularity image https://depot.galaxyproject.org/singularity/ntjoin:1.1.3--py39hd65a603_0 [cache /scratch/y95/kgagalova/projectPaoTheen/reads/final_runs/ref_scaffoldingOnly/PacB-flow/./work/depot.galaxyproject.org-singularity-ntjoin-1.1.3--py39hd65a603_0.img]
Pulling Singularity image https://depot.galaxyproject.org/singularity/pbmm2:1.14.99--h9ee0642_0 [cache /scratch/y95/kgagalova/projectPaoTheen/reads/final_runs/ref_scaffoldingOnly/PacB-flow/./work/depot.galaxyproject.org-singularity-pbmm2-1.14.99--h9ee0642_0.img]

executor >  slurm (7)
[87/228331] process > PBFLOW_WORKFLOW:ASSEMBLY_PI... [ 25%] 1 of 4
[e4/920d20] process > PBFLOW_WORKFLOW:ASSEMBLY_PI... [  0%] 0 of 1
[-        ] process > PBFLOW_WORKFLOW:ASSEMBLY_PI... -
[0e/dcd65c] process > PBFLOW_WORKFLOW:ASSEMBLY_PI... [100%] 1 of 1
[-        ] process > PBFLOW_WORKFLOW:ASSEMBLY_PI... -
[e9/3ad277] process > PBFLOW_WORKFLOW:ASSEMBLY_PI... [100%] 1 of 1
[-        ] process > PBFLOW_WORKFLOW:ASSEMBLY_PI... [  0%] 0 of 1
[-        ] process > PBFLOW_WORKFLOW:ASSEMBLY_PI... -
[-        ] process > PBFLOW_WORKFLOW:ASSEMBLY_PI... [  0%] 0 of 1
[-        ] process > PBFLOW_WORKFLOW:ASSEMBLY_PI... -
[-        ] process > PBFLOW_WORKFLOW:ASSEMBLY_PI... -




executor >  slurm (9)
[87/228331] process > PBFLOW_WORKFLOW:ASSEMBLY_PI... [ 25%] 1 of 4
[e4/920d20] process > PBFLOW_WORKFLOW:ASSEMBLY_PI... [  0%] 0 of 1
[-        ] process > PBFLOW_WORKFLOW:ASSEMBLY_PI... -
[0e/dcd65c] process > PBFLOW_WORKFLOW:ASSEMBLY_PI... [100%] 1 of 1
[-        ] process > PBFLOW_WORKFLOW:ASSEMBLY_PI... -
[e9/3ad277] process > PBFLOW_WORKFLOW:ASSEMBLY_PI... [100%] 1 of 1
[44/2f7131] process > PBFLOW_WORKFLOW:ASSEMBLY_PI... [  0%] 0 of 1
[-        ] process > PBFLOW_WORKFLOW:ASSEMBLY_PI... -
[13/37c824] process > PBFLOW_WORKFLOW:ASSEMBLY_PI... [  0%] 0 of 1
[-        ] process > PBFLOW_WORKFLOW:ASSEMBLY_PI... -
[-        ] process > PBFLOW_WORKFLOW:ASSEMBLY_PI... -




executor >  slurm (9)
[87/228331] process > PBFLOW_WORKFLOW:ASSEMBLY_PI... [ 25%] 1 of 4
[e4/920d20] process > PBFLOW_WORKFLOW:ASSEMBLY_PI... [  0%] 0 of 1
[-        ] process > PBFLOW_WORKFLOW:ASSEMBLY_PI... -
[0e/dcd65c] process > PBFLOW_WORKFLOW:ASSEMBLY_PI... [100%] 1 of 1
[-        ] process > PBFLOW_WORKFLOW:ASSEMBLY_PI... -
[e9/3ad277] process > PBFLOW_WORKFLOW:ASSEMBLY_PI... [100%] 1 of 1
[44/2f7131] process > PBFLOW_WORKFLOW:ASSEMBLY_PI... [  0%] 0 of 1
[-        ] process > PBFLOW_WORKFLOW:ASSEMBLY_PI... -
[13/37c824] process > PBFLOW_WORKFLOW:ASSEMBLY_PI... [  0%] 0 of 1
[-        ] process > PBFLOW_WORKFLOW:ASSEMBLY_PI... -
[-        ] process > PBFLOW_WORKFLOW:ASSEMBLY_PI... -

executor >  slurm (9)
[87/228331] process > PBFLOW_WORKFLOW:ASSEMBLY_PI... [ 25%] 1 of 4
[e4/920d20] process > PBFLOW_WORKFLOW:ASSEMBLY_PI... [  0%] 0 of 1
[-        ] process > PBFLOW_WORKFLOW:ASSEMBLY_PI... -
[0e/dcd65c] process > PBFLOW_WORKFLOW:ASSEMBLY_PI... [100%] 1 of 1
[-        ] process > PBFLOW_WORKFLOW:ASSEMBLY_PI... -
[e9/3ad277] process > PBFLOW_WORKFLOW:ASSEMBLY_PI... [100%] 1 of 1
[44/2f7131] process > PBFLOW_WORKFLOW:ASSEMBLY_PI... [  0%] 0 of 1
[-        ] process > PBFLOW_WORKFLOW:ASSEMBLY_PI... -
[13/37c824] process > PBFLOW_WORKFLOW:ASSEMBLY_PI... [100%] 1 of 1
[-        ] process > PBFLOW_WORKFLOW:ASSEMBLY_PI... -
[-        ] process > PBFLOW_WORKFLOW:ASSEMBLY_PI... -

executor >  slurm (12)
[b9/4e39ce] process > PBFLOW_WORKFLOW:ASSEMBLY_PI... [ 50%] 2 of 4
[87/9fc768] process > PBFLOW_WORKFLOW:ASSEMBLY_PI... [  0%] 0 of 2
[-        ] process > PBFLOW_WORKFLOW:ASSEMBLY_PI... -
[8a/04ed03] process > PBFLOW_WORKFLOW:ASSEMBLY_PI... [ 50%] 1 of 2
[-        ] process > PBFLOW_WORKFLOW:ASSEMBLY_PI... -
[3c/7f0b60] process > PBFLOW_WORKFLOW:ASSEMBLY_PI... [ 50%] 1 of 2
[44/2f7131] process > PBFLOW_WORKFLOW:ASSEMBLY_PI... [  0%] 0 of 1
[-        ] process > PBFLOW_WORKFLOW:ASSEMBLY_PI... -
[13/37c824] process > PBFLOW_WORKFLOW:ASSEMBLY_PI... [100%] 1 of 1
[-        ] process > PBFLOW_WORKFLOW:ASSEMBLY_PI... -
[-        ] process > PBFLOW_WORKFLOW:ASSEMBLY_PI... -

executor >  slurm (12)
[b9/4e39ce] process > PBFLOW_WORKFLOW:ASSEMBLY_PI... [ 50%] 2 of 4
[87/9fc768] process > PBFLOW_WORKFLOW:ASSEMBLY_PI... [  0%] 0 of 2
[-        ] process > PBFLOW_WORKFLOW:ASSEMBLY_PI... -
[8a/04ed03] process > PBFLOW_WORKFLOW:ASSEMBLY_PI... [ 50%] 1 of 2
[-        ] process > PBFLOW_WORKFLOW:ASSEMBLY_PI... -
[3c/7f0b60] process > PBFLOW_WORKFLOW:ASSEMBLY_PI... [ 50%] 1 of 2
[44/2f7131] process > PBFLOW_WORKFLOW:ASSEMBLY_PI... [  0%] 0 of 1
[-        ] process > PBFLOW_WORKFLOW:ASSEMBLY_PI... -
[13/37c824] process > PBFLOW_WORKFLOW:ASSEMBLY_PI... [100%] 1 of 1
[-        ] process > PBFLOW_WORKFLOW:ASSEMBLY_PI... -
[-        ] process > PBFLOW_WORKFLOW:ASSEMBLY_PI... -

executor >  slurm (12)
[b9/4e39ce] process > PBFLOW_WORKFLOW:ASSEMBLY_PI... [ 50%] 2 of 4
[87/9fc768] process > PBFLOW_WORKFLOW:ASSEMBLY_PI... [  0%] 0 of 2
[-        ] process > PBFLOW_WORKFLOW:ASSEMBLY_PI... -
[8a/04ed03] process > PBFLOW_WORKFLOW:ASSEMBLY_PI... [100%] 2 of 2
[-        ] process > PBFLOW_WORKFLOW:ASSEMBLY_PI... -
[3c/7f0b60] process > PBFLOW_WORKFLOW:ASSEMBLY_PI... [ 50%] 1 of 2
[44/2f7131] process > PBFLOW_WORKFLOW:ASSEMBLY_PI... [  0%] 0 of 1
[-        ] process > PBFLOW_WORKFLOW:ASSEMBLY_PI... -
[13/37c824] process > PBFLOW_WORKFLOW:ASSEMBLY_PI... [100%] 1 of 1
[-        ] process > PBFLOW_WORKFLOW:ASSEMBLY_PI... -
[-        ] process > PBFLOW_WORKFLOW:ASSEMBLY_PI... -

executor >  slurm (14)
[b9/4e39ce] process > PBFLOW_WORKFLOW:ASSEMBLY_PI... [ 50%] 2 of 4
[87/9fc768] process > PBFLOW_WORKFLOW:ASSEMBLY_PI... [  0%] 0 of 2
[-        ] process > PBFLOW_WORKFLOW:ASSEMBLY_PI... -
[8a/04ed03] process > PBFLOW_WORKFLOW:ASSEMBLY_PI... [100%] 2 of 2
[-        ] process > PBFLOW_WORKFLOW:ASSEMBLY_PI... -
[3c/7f0b60] process > PBFLOW_WORKFLOW:ASSEMBLY_PI... [100%] 2 of 2
[4f/102c75] process > PBFLOW_WORKFLOW:ASSEMBLY_PI... [  0%] 0 of 2
[-        ] process > PBFLOW_WORKFLOW:ASSEMBLY_PI... -
[63/569788] process > PBFLOW_WORKFLOW:ASSEMBLY_PI... [ 50%] 1 of 2
[-        ] process > PBFLOW_WORKFLOW:ASSEMBLY_PI... -
[-        ] process > PBFLOW_WORKFLOW:ASSEMBLY_PI... -

executor >  slurm (14)
[b9/4e39ce] process > PBFLOW_WORKFLOW:ASSEMBLY_PI... [ 50%] 2 of 4
[87/9fc768] process > PBFLOW_WORKFLOW:ASSEMBLY_PI... [  0%] 0 of 2
[-        ] process > PBFLOW_WORKFLOW:ASSEMBLY_PI... -
[8a/04ed03] process > PBFLOW_WORKFLOW:ASSEMBLY_PI... [100%] 2 of 2
[-        ] process > PBFLOW_WORKFLOW:ASSEMBLY_PI... -
[3c/7f0b60] process > PBFLOW_WORKFLOW:ASSEMBLY_PI... [100%] 2 of 2
[4f/102c75] process > PBFLOW_WORKFLOW:ASSEMBLY_PI... [  0%] 0 of 2
[-        ] process > PBFLOW_WORKFLOW:ASSEMBLY_PI... -
[63/569788] process > PBFLOW_WORKFLOW:ASSEMBLY_PI... [ 50%] 1 of 2
[-        ] process > PBFLOW_WORKFLOW:ASSEMBLY_PI... -
[-        ] process > PBFLOW_WORKFLOW:ASSEMBLY_PI... -

executor >  slurm (14)
[b9/4e39ce] process > PBFLOW_WORKFLOW:ASSEMBLY_PI... [ 50%] 2 of 4
[87/9fc768] process > PBFLOW_WORKFLOW:ASSEMBLY_PI... [  0%] 0 of 2
[-        ] process > PBFLOW_WORKFLOW:ASSEMBLY_PI... -
[8a/04ed03] process > PBFLOW_WORKFLOW:ASSEMBLY_PI... [100%] 2 of 2
[-        ] process > PBFLOW_WORKFLOW:ASSEMBLY_PI... -
[3c/7f0b60] process > PBFLOW_WORKFLOW:ASSEMBLY_PI... [100%] 2 of 2
[4f/102c75] process > PBFLOW_WORKFLOW:ASSEMBLY_PI... [  0%] 0 of 2
[-        ] process > PBFLOW_WORKFLOW:ASSEMBLY_PI... -
[63/569788] process > PBFLOW_WORKFLOW:ASSEMBLY_PI... [100%] 2 of 2
[-        ] process > PBFLOW_WORKFLOW:ASSEMBLY_PI... -
[-        ] process > PBFLOW_WORKFLOW:ASSEMBLY_PI... -

executor >  slurm (14)
[b9/4e39ce] process > PBFLOW_WORKFLOW:ASSEMBLY_PI... [ 50%] 2 of 4
[e4/920d20] process > PBFLOW_WORKFLOW:ASSEMBLY_PI... [ 50%] 1 of 2
[-        ] process > PBFLOW_WORKFLOW:ASSEMBLY_PI... -
[8a/04ed03] process > PBFLOW_WORKFLOW:ASSEMBLY_PI... [100%] 2 of 2
[-        ] process > PBFLOW_WORKFLOW:ASSEMBLY_PI... -
[3c/7f0b60] process > PBFLOW_WORKFLOW:ASSEMBLY_PI... [100%] 2 of 2
[4f/102c75] process > PBFLOW_WORKFLOW:ASSEMBLY_PI... [  0%] 0 of 2
[-        ] process > PBFLOW_WORKFLOW:ASSEMBLY_PI... -
[63/569788] process > PBFLOW_WORKFLOW:ASSEMBLY_PI... [100%] 2 of 2
[-        ] process > PBFLOW_WORKFLOW:ASSEMBLY_PI... -
[-        ] process > PBFLOW_WORKFLOW:ASSEMBLY_PI... -
Pulling Singularity image https://depot.galaxyproject.org/singularity/bedtools:2.31.1--hf5e1c6e_1 [cache /scratch/y95/kgagalova/projectPaoTheen/reads/final_runs/ref_scaffoldingOnly/PacB-flow/./work/depot.galaxyproject.org-singularity-bedtools-2.31.1--hf5e1c6e_1.img]

executor >  slurm (15)
[b9/4e39ce] process > PBFLOW_WORKFLOW:ASSEMBLY_PI... [ 50%] 2 of 4
[e4/920d20] process > PBFLOW_WORKFLOW:ASSEMBLY_PI... [ 50%] 1 of 2
[05/4702de] process > PBFLOW_WORKFLOW:ASSEMBLY_PI... [  0%] 0 of 1
[8a/04ed03] process > PBFLOW_WORKFLOW:ASSEMBLY_PI... [100%] 2 of 2
[-        ] process > PBFLOW_WORKFLOW:ASSEMBLY_PI... -
[3c/7f0b60] process > PBFLOW_WORKFLOW:ASSEMBLY_PI... [100%] 2 of 2
[4f/102c75] process > PBFLOW_WORKFLOW:ASSEMBLY_PI... [  0%] 0 of 2
[-        ] process > PBFLOW_WORKFLOW:ASSEMBLY_PI... -
[63/569788] process > PBFLOW_WORKFLOW:ASSEMBLY_PI... [100%] 2 of 2
[-        ] process > PBFLOW_WORKFLOW:ASSEMBLY_PI... -
[-        ] process > PBFLOW_WORKFLOW:ASSEMBLY_PI... -
Pulling Singularity image https://depot.galaxyproject.org/singularity/bedtools:2.31.1--hf5e1c6e_1 [cache /scratch/y95/kgagalova/projectPaoTheen/reads/final_runs/ref_scaffoldingOnly/PacB-flow/./work/depot.galaxyproject.org-singularity-bedtools-2.31.1--hf5e1c6e_1.img]

executor >  slurm (15)
[b9/4e39ce] process > PBFLOW_WORKFLOW:ASSEMBLY_PI... [ 50%] 2 of 4
[e4/920d20] process > PBFLOW_WORKFLOW:ASSEMBLY_PI... [ 50%] 1 of 2
[05/4702de] process > PBFLOW_WORKFLOW:ASSEMBLY_PI... [  0%] 0 of 1
[8a/04ed03] process > PBFLOW_WORKFLOW:ASSEMBLY_PI... [100%] 2 of 2
[-        ] process > PBFLOW_WORKFLOW:ASSEMBLY_PI... -
[3c/7f0b60] process > PBFLOW_WORKFLOW:ASSEMBLY_PI... [100%] 2 of 2
[4f/102c75] process > PBFLOW_WORKFLOW:ASSEMBLY_PI... [  0%] 0 of 2
[-        ] process > PBFLOW_WORKFLOW:ASSEMBLY_PI... -
[63/569788] process > PBFLOW_WORKFLOW:ASSEMBLY_PI... [100%] 2 of 2
[-        ] process > PBFLOW_WORKFLOW:ASSEMBLY_PI... -
[-        ] process > PBFLOW_WORKFLOW:ASSEMBLY_PI... -
Pulling Singularity image https://depot.galaxyproject.org/singularity/bedtools:2.31.1--hf5e1c6e_1 [cache /scratch/y95/kgagalova/projectPaoTheen/reads/final_runs/ref_scaffoldingOnly/PacB-flow/./work/depot.galaxyproject.org-singularity-bedtools-2.31.1--hf5e1c6e_1.img]

executor >  slurm (16)
[b9/4e39ce] process > PBFLOW_WORKFLOW:ASSEMBLY_PI... [ 50%] 2 of 4
[e4/920d20] process > PBFLOW_WORKFLOW:ASSEMBLY_PI... [ 50%] 1 of 2
[05/4702de] process > PBFLOW_WORKFLOW:ASSEMBLY_PI... [  0%] 0 of 1
[8a/04ed03] process > PBFLOW_WORKFLOW:ASSEMBLY_PI... [100%] 2 of 2
[-        ] process > PBFLOW_WORKFLOW:ASSEMBLY_PI... -
[3c/7f0b60] process > PBFLOW_WORKFLOW:ASSEMBLY_PI... [100%] 2 of 2
[44/2f7131] process > PBFLOW_WORKFLOW:ASSEMBLY_PI... [ 50%] 1 of 2
[6d/13e867] process > PBFLOW_WORKFLOW:ASSEMBLY_PI... [  0%] 0 of 1
[63/569788] process > PBFLOW_WORKFLOW:ASSEMBLY_PI... [100%] 2 of 2
[-        ] process > PBFLOW_WORKFLOW:ASSEMBLY_PI... -
[-        ] process > PBFLOW_WORKFLOW:ASSEMBLY_PI... -


executor >  slurm (16)
[b9/4e39ce] process > PBFLOW_WORKFLOW:ASSEMBLY_PI... [ 50%] 2 of 4
[e4/920d20] process > PBFLOW_WORKFLOW:ASSEMBLY_PI... [ 50%] 1 of 2
[05/4702de] process > PBFLOW_WORKFLOW:ASSEMBLY_PI... [  0%] 0 of 1
[8a/04ed03] process > PBFLOW_WORKFLOW:ASSEMBLY_PI... [100%] 2 of 2
[-        ] process > PBFLOW_WORKFLOW:ASSEMBLY_PI... -
[3c/7f0b60] process > PBFLOW_WORKFLOW:ASSEMBLY_PI... [100%] 2 of 2
[44/2f7131] process > PBFLOW_WORKFLOW:ASSEMBLY_PI... [ 50%] 1 of 2
[6d/13e867] process > PBFLOW_WORKFLOW:ASSEMBLY_PI... [  0%] 0 of 1
[63/569788] process > PBFLOW_WORKFLOW:ASSEMBLY_PI... [100%] 2 of 2
[-        ] process > PBFLOW_WORKFLOW:ASSEMBLY_PI... -
[-        ] process > PBFLOW_WORKFLOW:ASSEMBLY_PI... -


executor >  slurm (17)
[b9/4e39ce] process > PBFLOW_WORKFLOW:ASSEMBLY_PI... [ 50%] 2 of 4
[87/9fc768] process > PBFLOW_WORKFLOW:ASSEMBLY_PI... [100%] 2 of 2
[77/180b42] process > PBFLOW_WORKFLOW:ASSEMBLY_PI... [  0%] 0 of 2
[8a/04ed03] process > PBFLOW_WORKFLOW:ASSEMBLY_PI... [100%] 2 of 2
[-        ] process > PBFLOW_WORKFLOW:ASSEMBLY_PI... -
[3c/7f0b60] process > PBFLOW_WORKFLOW:ASSEMBLY_PI... [100%] 2 of 2
[44/2f7131] process > PBFLOW_WORKFLOW:ASSEMBLY_PI... [ 50%] 1 of 2
[6d/13e867] process > PBFLOW_WORKFLOW:ASSEMBLY_PI... [  0%] 0 of 1
[63/569788] process > PBFLOW_WORKFLOW:ASSEMBLY_PI... [100%] 2 of 2
[-        ] process > PBFLOW_WORKFLOW:ASSEMBLY_PI... -
[-        ] process > PBFLOW_WORKFLOW:ASSEMBLY_PI... -

executor >  slurm (17)
[b9/4e39ce] process > PBFLOW_WORKFLOW:ASSEMBLY_PI... [ 50%] 2 of 4
[87/9fc768] process > PBFLOW_WORKFLOW:ASSEMBLY_PI... [100%] 2 of 2
[77/180b42] process > PBFLOW_WORKFLOW:ASSEMBLY_PI... [  0%] 0 of 2
[8a/04ed03] process > PBFLOW_WORKFLOW:ASSEMBLY_PI... [100%] 2 of 2
[-        ] process > PBFLOW_WORKFLOW:ASSEMBLY_PI... -
[3c/7f0b60] process > PBFLOW_WORKFLOW:ASSEMBLY_PI... [100%] 2 of 2
[44/2f7131] process > PBFLOW_WORKFLOW:ASSEMBLY_PI... [ 50%] 1 of 2
[6d/13e867] process > PBFLOW_WORKFLOW:ASSEMBLY_PI... [  0%] 0 of 1
[63/569788] process > PBFLOW_WORKFLOW:ASSEMBLY_PI... [100%] 2 of 2
[-        ] process > PBFLOW_WORKFLOW:ASSEMBLY_PI... -
[-        ] process > PBFLOW_WORKFLOW:ASSEMBLY_PI... -

executor >  slurm (18)
[b9/4e39ce] process > PBFLOW_WORKFLOW:ASSEMBLY_PI... [ 50%] 2 of 4
[87/9fc768] process > PBFLOW_WORKFLOW:ASSEMBLY_PI... [100%] 2 of 2
[77/180b42] process > PBFLOW_WORKFLOW:ASSEMBLY_PI... [  0%] 0 of 2
[8a/04ed03] process > PBFLOW_WORKFLOW:ASSEMBLY_PI... [100%] 2 of 2
[-        ] process > PBFLOW_WORKFLOW:ASSEMBLY_PI... -
[3c/7f0b60] process > PBFLOW_WORKFLOW:ASSEMBLY_PI... [100%] 2 of 2
[4f/102c75] process > PBFLOW_WORKFLOW:ASSEMBLY_PI... [100%] 2 of 2
[f2/c582d7] process > PBFLOW_WORKFLOW:ASSEMBLY_PI... [  0%] 0 of 2
[63/569788] process > PBFLOW_WORKFLOW:ASSEMBLY_PI... [100%] 2 of 2
[-        ] process > PBFLOW_WORKFLOW:ASSEMBLY_PI... -
[-        ] process > PBFLOW_WORKFLOW:ASSEMBLY_PI... -

executor >  slurm (18)
[b9/4e39ce] process > PBFLOW_WORKFLOW:ASSEMBLY_PI... [ 50%] 2 of 4
[87/9fc768] process > PBFLOW_WORKFLOW:ASSEMBLY_PI... [100%] 2 of 2
[77/180b42] process > PBFLOW_WORKFLOW:ASSEMBLY_PI... [  0%] 0 of 2
[8a/04ed03] process > PBFLOW_WORKFLOW:ASSEMBLY_PI... [100%] 2 of 2
[-        ] process > PBFLOW_WORKFLOW:ASSEMBLY_PI... -
[3c/7f0b60] process > PBFLOW_WORKFLOW:ASSEMBLY_PI... [100%] 2 of 2
[4f/102c75] process > PBFLOW_WORKFLOW:ASSEMBLY_PI... [100%] 2 of 2
[f2/c582d7] process > PBFLOW_WORKFLOW:ASSEMBLY_PI... [  0%] 0 of 2
[63/569788] process > PBFLOW_WORKFLOW:ASSEMBLY_PI... [100%] 2 of 2
[-        ] process > PBFLOW_WORKFLOW:ASSEMBLY_PI... -
[-        ] process > PBFLOW_WORKFLOW:ASSEMBLY_PI... -

executor >  slurm (18)
[b9/4e39ce] process > PBFLOW_WORKFLOW:ASSEMBLY_PI... [ 50%] 2 of 4
[87/9fc768] process > PBFLOW_WORKFLOW:ASSEMBLY_PI... [100%] 2 of 2
[05/4702de] process > PBFLOW_WORKFLOW:ASSEMBLY_PI... [ 50%] 1 of 2
[8a/04ed03] process > PBFLOW_WORKFLOW:ASSEMBLY_PI... [100%] 2 of 2
[-        ] process > PBFLOW_WORKFLOW:ASSEMBLY_PI... -
[3c/7f0b60] process > PBFLOW_WORKFLOW:ASSEMBLY_PI... [100%] 2 of 2
[4f/102c75] process > PBFLOW_WORKFLOW:ASSEMBLY_PI... [100%] 2 of 2
[6d/13e867] process > PBFLOW_WORKFLOW:ASSEMBLY_PI... [ 50%] 1 of 2
[63/569788] process > PBFLOW_WORKFLOW:ASSEMBLY_PI... [100%] 2 of 2
[-        ] process > PBFLOW_WORKFLOW:ASSEMBLY_PI... -
[-        ] process > PBFLOW_WORKFLOW:ASSEMBLY_PI... -
Pulling Singularity image https://depot.galaxyproject.org/singularity/ucsc-bedgraphtobigwig:455--h2a80c09_1 [cache /scratch/y95/kgagalova/projectPaoTheen/reads/final_runs/ref_scaffoldingOnly/PacB-flow/./work/depot.galaxyproject.org-singularity-ucsc-bedgraphtobigwig-455--h2a80c09_1.img]

executor >  slurm (18)
[b9/4e39ce] process > PBFLOW_WORKFLOW:ASSEMBLY_PI... [ 50%] 2 of 4
[87/9fc768] process > PBFLOW_WORKFLOW:ASSEMBLY_PI... [100%] 2 of 2
[05/4702de] process > PBFLOW_WORKFLOW:ASSEMBLY_PI... [ 50%] 1 of 2
[8a/04ed03] process > PBFLOW_WORKFLOW:ASSEMBLY_PI... [100%] 2 of 2
[-        ] process > PBFLOW_WORKFLOW:ASSEMBLY_PI... -
[3c/7f0b60] process > PBFLOW_WORKFLOW:ASSEMBLY_PI... [100%] 2 of 2
[4f/102c75] process > PBFLOW_WORKFLOW:ASSEMBLY_PI... [100%] 2 of 2
[6d/13e867] process > PBFLOW_WORKFLOW:ASSEMBLY_PI... [ 50%] 1 of 2
[63/569788] process > PBFLOW_WORKFLOW:ASSEMBLY_PI... [100%] 2 of 2
[-        ] process > PBFLOW_WORKFLOW:ASSEMBLY_PI... -
[-        ] process > PBFLOW_WORKFLOW:ASSEMBLY_PI... -
Pulling Singularity image https://depot.galaxyproject.org/singularity/ucsc-bedgraphtobigwig:455--h2a80c09_1 [cache /scratch/y95/kgagalova/projectPaoTheen/reads/final_runs/ref_scaffoldingOnly/PacB-flow/./work/depot.galaxyproject.org-singularity-ucsc-bedgraphtobigwig-455--h2a80c09_1.img]
ERROR ~ Error executing process > 'PBFLOW_WORKFLOW:ASSEMBLY_PIPELINE:COV_SCAFREF:UCSC_BEDGRAPHCONVERT (1)'

Caused by:
  java.nio.file.FileAlreadyExistsException: /scratch/y95/kgagalova/projectPaoTheen/reads/final_runs/ref_scaffoldingOnly/PacB-flow/./work/depot.galaxyproject.org-singularity-ucsc-bedgraphtobigwig-455--h2a80c09_1.img


 -- Check '.nextflow.log' file for details
WARN: Killing running tasks (4)

executor >  slurm (18)
[73/8ac048] process > PBFLOW_WORKFLOW:ASSEMBLY_PI... [100%] 2 of 2
[87/9fc768] process > PBFLOW_WORKFLOW:ASSEMBLY_PI... [100%] 2 of 2
[77/180b42] process > PBFLOW_WORKFLOW:ASSEMBLY_PI... [100%] 1 of 1
[8a/04ed03] process > PBFLOW_WORKFLOW:ASSEMBLY_PI... [100%] 2 of 2
[-        ] process > PBFLOW_WORKFLOW:ASSEMBLY_PI... -
[3c/7f0b60] process > PBFLOW_WORKFLOW:ASSEMBLY_PI... [100%] 2 of 2
[4f/102c75] process > PBFLOW_WORKFLOW:ASSEMBLY_PI... [100%] 2 of 2
[f2/c582d7] process > PBFLOW_WORKFLOW:ASSEMBLY_PI... [100%] 1 of 1
[63/569788] process > PBFLOW_WORKFLOW:ASSEMBLY_PI... [100%] 2 of 2
[-        ] process > PBFLOW_WORKFLOW:ASSEMBLY_PI... -
[-        ] process > PBFLOW_WORKFLOW:ASSEMBLY_PI... -
Pulling Singularity image https://depot.galaxyproject.org/singularity/ucsc-bedgraphtobigwig:455--h2a80c09_1 [cache /scratch/y95/kgagalova/projectPaoTheen/reads/final_runs/ref_scaffoldingOnly/PacB-flow/./work/depot.galaxyproject.org-singularity-ucsc-bedgraphtobigwig-455--h2a80c09_1.img]
ERROR ~ Error executing process > 'PBFLOW_WORKFLOW:ASSEMBLY_PIPELINE:COV_SCAFREF:UCSC_BEDGRAPHCONVERT (1)'

Caused by:
  java.nio.file.FileAlreadyExistsException: /scratch/y95/kgagalova/projectPaoTheen/reads/final_runs/ref_scaffoldingOnly/PacB-flow/./work/depot.galaxyproject.org-singularity-ucsc-bedgraphtobigwig-455--h2a80c09_1.img


 -- Check '.nextflow.log' file for details

